000 (780281.000.000) 2023-08-14 14:17:52 Job submitted from host: <155.230.23.71:9618?addrs=155.230.23.71-9618&alias=cms01.knu.ac.kr&noUDP&sock=schedd_3597_d240>
...
040 (780281.000.000) 2023-08-14 14:18:06 Started transferring input files
	Transferring to host: <155.230.21.147:9618?addrs=155.230.21.147-9618+[2407-c000-c024-0-3eec-efff-fe3f-b18c]-9618&alias=cluster347.knu.ac.kr&noUDP&sock=slot2_1_2312_c357_257>
...
040 (780281.000.000) 2023-08-14 14:18:07 Finished transferring input files
...
001 (780281.000.000) 2023-08-14 14:18:08 Job executing on host: <155.230.21.147:9618?addrs=155.230.21.147-9618+[2407-c000-c024-0-3eec-efff-fe3f-b18c]-9618&alias=cluster347.knu.ac.kr&noUDP&sock=startd_2221_ffef>
...
006 (780281.000.000) 2023-08-14 14:18:16 Image size of job updated: 260260
	243  -  MemoryUsage of job (MB)
	247928  -  ResidentSetSize of job (KB)
...
006 (780281.000.000) 2023-08-14 14:23:16 Image size of job updated: 15858048
	5407  -  MemoryUsage of job (MB)
	5535908  -  ResidentSetSize of job (KB)
...
006 (780281.000.000) 2023-08-14 14:23:16 Image size of job updated: 15858048
	5407  -  MemoryUsage of job (MB)
	5535940  -  ResidentSetSize of job (KB)
...
012 (780281.000.000) 2023-08-14 14:23:16 Job was held.
	memory usage exceeded request_memory
	Code 26 Subcode 0
...
013 (780281.000.000) 2023-08-14 14:25:01 Job was released.
	via condor_release (by user condor)
...
040 (780281.000.000) 2023-08-14 14:25:02 Started transferring input files
	Transferring to host: <155.230.21.147:9618?addrs=155.230.21.147-9618+[2407-c000-c024-0-3eec-efff-fe3f-b18c]-9618&alias=cluster347.knu.ac.kr&noUDP&sock=slot2_1_2312_c357_259>
...
040 (780281.000.000) 2023-08-14 14:25:02 Finished transferring input files
...
001 (780281.000.000) 2023-08-14 14:25:03 Job executing on host: <155.230.21.147:9618?addrs=155.230.21.147-9618+[2407-c000-c024-0-3eec-efff-fe3f-b18c]-9618&alias=cluster347.knu.ac.kr&noUDP&sock=startd_2221_ffef>
...
006 (780281.000.000) 2023-08-14 15:55:51 Image size of job updated: 17844836
	7325  -  MemoryUsage of job (MB)
	7500000  -  ResidentSetSize of job (KB)
...
006 (780281.000.000) 2023-08-14 15:57:23 Image size of job updated: 17966260
	7325  -  MemoryUsage of job (MB)
	7500000  -  ResidentSetSize of job (KB)
...
040 (780281.000.000) 2023-08-14 15:57:23 Started transferring output files
...
040 (780281.000.000) 2023-08-14 15:57:23 Finished transferring output files
...
005 (780281.000.000) 2023-08-14 15:57:23 Job terminated.
	(1) Normal termination (return value 0)
		Usr 0 01:28:14, Sys 0 00:00:15  -  Run Remote Usage
		Usr 0 00:00:00, Sys 0 00:00:00  -  Run Local Usage
		Usr 0 01:29:27, Sys 0 00:00:20  -  Total Remote Usage
		Usr 0 00:00:00, Sys 0 00:00:00  -  Total Local Usage
	5199035  -  Run Bytes Sent By Job
	263800  -  Run Bytes Received By Job
	5199035  -  Total Bytes Sent By Job
	527600  -  Total Bytes Received By Job
	Partitionable Resources :    Usage  Request Allocated Assigned
	   Cpus                 :     1.00        1         1 
	   Disk (KB)            : 14314         300   1906453 
	   Gpus (Average)       :                 1         1 "GPU-f7be9972"
	   Memory (MB)          :  7325        7837      7900 

	Job terminated of its own accord at 2023-08-14T06:57:23Z.
...
