/u/user/jiwoong/anaconda3/etc/profile.d/conda.sh
#1 START conda-setup
#2 CHECKING  GPU status
Mon Aug 14 14:25:03 2023       
+---------------------------------------------------------------------------------------+
| NVIDIA-SMI 535.86.05              Driver Version: 535.86.05    CUDA Version: 12.2     |
|-----------------------------------------+----------------------+----------------------+
| GPU  Name                 Persistence-M | Bus-Id        Disp.A | Volatile Uncorr. ECC |
| Fan  Temp   Perf          Pwr:Usage/Cap |         Memory-Usage | GPU-Util  Compute M. |
|                                         |                      |               MIG M. |
|=========================================+======================+======================|
|   0  NVIDIA TITAN RTX               Off | 00000000:18:00.0 Off |                  N/A |
| 41%   35C    P8              15W / 280W |      3MiB / 24576MiB |      0%      Default |
|                                         |                      |                  N/A |
+-----------------------------------------+----------------------+----------------------+
|   1  NVIDIA TITAN RTX               Off | 00000000:3B:00.0 Off |                  N/A |
| 41%   35C    P8              15W / 280W |      3MiB / 24576MiB |      0%      Default |
|                                         |                      |                  N/A |
+-----------------------------------------+----------------------+----------------------+
|   2  NVIDIA TITAN RTX               Off | 00000000:86:00.0 Off |                  N/A |
| 40%   36C    P8              14W / 280W |      3MiB / 24576MiB |      0%      Default |
|                                         |                      |                  N/A |
+-----------------------------------------+----------------------+----------------------+
|   3  NVIDIA TITAN RTX               Off | 00000000:AF:00.0 Off |                  N/A |
| 40%   35C    P8              10W / 280W |      3MiB / 24576MiB |      0%      Default |
|                                         |                      |                  N/A |
+-----------------------------------------+----------------------+----------------------+
                                                                                         
+---------------------------------------------------------------------------------------+
| Processes:                                                                            |
|  GPU   GI   CI        PID   Type   Process name                            GPU Memory |
|        ID   ID                                                             Usage      |
|=======================================================================================|
|  No running processes found                                                           |
+---------------------------------------------------------------------------------------+
#3 CHECKING  setup path
Python 3.10.12
/u/user/jiwoong/.conda/envs/deepmeteor-py310/bin/python
declare -x PROJECT_HOME="/home/condor/dir_234926"
declare -x PROJECT_LOG_DIR="/home/condor/dir_234926/logs"
declare -x PROJECT_DATA_DIR="/pnfs/knu.ac.kr/data/cms/store/user/jiwoong/deepmet"
---path check--
/home/condor/dir_234926
total 196K
drwx------  6 jiwoong cms     249 Aug 14 14:25 .
drwxr-xr-x 23 condor  root   4.0K Aug 14 14:25 ..
-rwx------  1 jiwoong cms      48 Aug 14 14:25 .chirp.config
-rw-r--r--  1 condor  condor 5.7K Aug 14 14:25 .job.ad
-rw-r--r--  1 condor  condor 8.1K Aug 14 14:25 .machine.ad
-rw-r--r--  1 jiwoong cms     130 Aug 14 14:25 _condor_stderr
-rw-r--r--  1 jiwoong cms    3.2K Aug 14 14:25 _condor_stdout
-rwxr-xr-x  1 jiwoong cms     438 Aug 14 14:25 condor_exec.exe
drwxr-xr-x  3 jiwoong cms      50 Aug 14 14:25 config
drwxr-xr-x  7 jiwoong cms     220 Aug 14 14:25 deepmeteor
-rw-r--r--  1 jiwoong cms    7.1K Aug 14 14:25 lextab.py
-rw-r--r--  1 jiwoong cms     351 Aug 14 14:25 setup.sh
drwx------  2 jiwoong cms       6 Aug 14 14:25 tmp
-rwxr-xr-x  1 jiwoong cms    1.1K Aug 14 14:25 train.py
drwx------  3 jiwoong cms      17 Aug 14 14:25 var
-rw-r--r--  1 jiwoong cms    139K Aug 14 14:25 yacctab.py
#4 START training
{
    "model": {
        "name": "Transformer",
        "cont_embed_dim": 16,
        "pdgid_embed_dim": 8,
        "charge_embed_dim": 8,
        "num_heads": 2,
        "dropout_prob": 0,
        "num_layers": 2
    },
    "data": {
        "data_dir": "/pnfs/knu.ac.kr/data/cms/store/user/jiwoong/deepmet",
        "train": [
            "perfNano_TTbar_PU200.110X_set0.root",
            "perfNano_TTbar_PU200.110X_set1.root",
            "perfNano_TTbar_PU200.110X_set2.root",
            "perfNano_TTbar_PU200.110X_set3.root"
        ],
        "val": [
            "perfNano_TTbar_PU200.110X_set4.root"
        ],
        "test": [
            "perfNano_TTbar_PU200.110X_set5.root",
            "perfNano_TTbar_PU200.110X_set6.root"
        ],
        "batch_size": 256,
        "eval_batch_size": 512,
        "max_size": 100,
        "entry_start": null,
        "entry_stop": null
    },
    "data_transformation": {
        "puppi_cands_cont_std": [
            10.687,
            10.687,
            1.417,
            1.0
        ],
        "gen_met_std": [
            63.918,
            63.918
        ]
    },
    "optimizer": {
        "learning_rate": 0.0003,
        "beta1": 0.9,
        "beta2": 0.95,
        "weight_decay": 0.1,
        "fused": true
    },
    "training": {
        "loss": "HuberLoss",
        "num_epochs": 10,
        "max_grad_norm": 1,
        "lr_cosine_annealing": false,
        "t_0": 10,
        "t_mult": 2
    },
    "log_base": "/home/condor/dir_234926/logs",
    "log_name": "run_230814-142507_wine-jacamar",
    "cuda": 0,
    "seed": 1337,
    "deterministic": true,
    "num_threads": 1,
    "mode": "run"
}
device=device(type='cuda', index=0): _CudaDeviceProperties(name='NVIDIA TITAN RTX', major=7, minor=5, total_memory=24212MB, multi_processor_count=72)
Transformer(
  (cont_embedding): Linear(in_features=4, out_features=16, bias=True)
  (pdgid_embedding): Embedding(6, 8, padding_idx=0)
  (charge_embedding): Embedding(4, 8, padding_idx=0)
  (event_encoder): TransformerEncoder(
    (layers): ModuleList(
      (0-1): 2 x TransformerEncoderLayer(
        (norm_1): LayerNorm((32,), eps=1e-05, elementwise_affine=True)
        (self_attention): SelfAttention(
          (qkv_projection): Linear(in_features=32, out_features=96, bias=True)
          (attention_dropout): Dropout(p=0, inplace=False)
          (output_projection): Linear(in_features=32, out_features=32, bias=True)
          (output_dropout): Dropout(p=0, inplace=False)
        )
        (feedforward): Feedforward(
          (0): LayerNorm((32,), eps=1e-05, elementwise_affine=True)
          (1): Linear(in_features=32, out_features=128, bias=True)
          (2): GELU(approximate='none')
          (3): Linear(in_features=128, out_features=32, bias=True)
          (4): Dropout(p=0, inplace=False)
        )
        (norm_2): LayerNorm((32,), eps=1e-05, elementwise_affine=True)
      )
    )
  )
  (aggregator): ScatterMean()
  (regression_head): Sequential(
    (0): BatchNorm1d(32, eps=1e-05, momentum=0.1, affine=True, track_running_stats=True)
    (1): GELU(approximate='none')
    (2): Linear(in_features=32, out_features=2, bias=True)
  )
)
# of parameters = 25826
using fused AdamW: True
AdamW (
Parameter Group 0
    amsgrad: False
    betas: (0.9, 0.95)
    capturable: False
    differentiable: False
    eps: 1e-08
    foreach: None
    fused: True
    lr: 0.0003
    maximize: False
    weight_decay: 0.1

Parameter Group 1
    amsgrad: False
    betas: (0.9, 0.95)
    capturable: False
    differentiable: False
    eps: 1e-08
    foreach: None
    fused: True
    lr: 0.0003
    maximize: False
    weight_decay: 0.0
)
reading /pnfs/knu.ac.kr/data/cms/store/user/jiwoong/deepmet/perfNano_TTbar_PU200.110X_set0.root
reading /pnfs/knu.ac.kr/data/cms/store/user/jiwoong/deepmet/perfNano_TTbar_PU200.110X_set1.root
reading /pnfs/knu.ac.kr/data/cms/store/user/jiwoong/deepmet/perfNano_TTbar_PU200.110X_set2.root
reading /pnfs/knu.ac.kr/data/cms/store/user/jiwoong/deepmet/perfNano_TTbar_PU200.110X_set3.root
len(train_set)=647002
reading /pnfs/knu.ac.kr/data/cms/store/user/jiwoong/deepmet/perfNano_TTbar_PU200.110X_set4.root
len(val_set)=161838

🔥 Epoch 0
{
    "loss": 0.40303361147778777,
    "reduced_chi2_px": 5872.104048509756,
    "reduced_chi2_py": 5895.822544466202,
    "reduced_chi2_pt": 6523.659162185644,
    "reduced_chi2_phi": 4920.9775104228265,
    "reduced_chi2_px_ratio": 2123.4927584122206,
    "reduced_chi2_py_ratio": 1849.8824389833633,
    "reduced_chi2_pt_ratio": 913.5274740594296,
    "reduced_chi2_phi_ratio": 3548.008293152138,
    "residual_px_mean": 0.14627950991134425,
    "residual_py_mean": -0.10369374751095364,
    "residual_pt_mean": 0.0,
    "residual_phi_mean": 0.10951373256457711,
    "residual_px_std": 60.27557757806829,
    "residual_py_std": 59.89095028650677,
    "residual_pt_std": 0.0,
    "residual_phi_std": 1.7956183289692111,
    "residual_px_std_ratio": 1.3941701637473622,
    "residual_py_std_ratio": 1.3844825439059223,
    "residual_pt_std_ratio": 0.0,
    "residual_phi_std_ratio": 1.8205335394199456
}

🔥 Epoch 1
{
    "loss": 0.25743706930291965,
    "reduced_chi2_px": 484.5406638253577,
    "reduced_chi2_py": 252.9450433593058,
    "reduced_chi2_pt": 146.50764196209437,
    "reduced_chi2_phi": 599.9978051686322,
    "reduced_chi2_px_ratio": 175.2214508274117,
    "reduced_chi2_py_ratio": 79.3644296803763,
    "reduced_chi2_pt_ratio": 20.51590261916671,
    "reduced_chi2_phi_ratio": 432.5964067306771,
    "residual_px_mean": 28.10345382321276,
    "residual_py_mean": -17.79499458623357,
    "residual_pt_mean": 29.078099358496196,
    "residual_phi_mean": 0.030201126128937578,
    "residual_px_std": 41.20368858909661,
    "residual_py_std": 41.15906686072088,
    "residual_pt_std": 21.757270113062496,
    "residual_phi_std": 1.108530268541695,
    "residual_px_std_ratio": 0.9530386198764175,
    "residual_py_std_ratio": 0.9514627722472971,
    "residual_pt_std_ratio": 0.7425169063483057,
    "residual_phi_std_ratio": 1.1239117471589133
}

🔥 Epoch 2
{
    "loss": 0.20480979640664262,
    "reduced_chi2_px": 72.81051550573955,
    "reduced_chi2_py": 226.8592759735264,
    "reduced_chi2_pt": 149.7573755353678,
    "reduced_chi2_phi": 164.39265821788766,
    "reduced_chi2_px_ratio": 26.330017509130613,
    "reduced_chi2_py_ratio": 71.17971878882297,
    "reduced_chi2_pt_ratio": 20.970972516099213,
    "reduced_chi2_phi_ratio": 118.5265556396079,
    "residual_px_mean": -6.420556469671293,
    "residual_py_mean": -13.889905645785,
    "residual_pt_mean": 25.170640123971868,
    "residual_phi_mean": 0.013907504051816443,
    "residual_px_std": 40.68995146934924,
    "residual_py_std": 40.576434703496204,
    "residual_pt_std": 20.274986214511546,
    "residual_phi_std": 0.9936788217746754,
    "residual_px_std_ratio": 0.941155913925842,
    "residual_py_std_ratio": 0.9379942257083462,
    "residual_pt_std_ratio": 0.6919305575571871,
    "residual_phi_std_ratio": 1.0074666722134522
}

🔥 Epoch 3
{
    "loss": 0.199996805259433,
    "reduced_chi2_px": 48.16002801060488,
    "reduced_chi2_py": 119.85845340032533,
    "reduced_chi2_pt": 90.84816188460191,
    "reduced_chi2_phi": 90.69172535595855,
    "reduced_chi2_px_ratio": 17.415813800404813,
    "reduced_chi2_py_ratio": 37.60697450385053,
    "reduced_chi2_pt_ratio": 12.721739408221525,
    "reduced_chi2_phi_ratio": 65.38843004295076,
    "residual_px_mean": 6.186685470053749,
    "residual_py_mean": -11.00696618369443,
    "residual_pt_mean": 26.226548400184676,
    "residual_phi_mean": 0.034846796205539536,
    "residual_px_std": 40.54547335392842,
    "residual_py_std": 40.56846688990578,
    "residual_pt_std": 21.133560269579437,
    "residual_phi_std": 0.9733161453045919,
    "residual_px_std_ratio": 0.9378141445736817,
    "residual_py_std_ratio": 0.9378100359638811,
    "residual_pt_std_ratio": 0.7212313727755996,
    "residual_phi_std_ratio": 0.9868214521975565
}

🔥 Epoch 4
{
    "loss": 0.2079560370907554,
    "reduced_chi2_px": 392.2146237743577,
    "reduced_chi2_py": 161.80897314772565,
    "reduced_chi2_pt": 244.17783013681424,
    "reduced_chi2_phi": 293.8766352805551,
    "reduced_chi2_px_ratio": 141.83415458034835,
    "reduced_chi2_py_ratio": 50.76943473762725,
    "reduced_chi2_pt_ratio": 34.19295074138465,
    "reduced_chi2_phi_ratio": 211.88406915711863,
    "residual_px_mean": 19.263099288586446,
    "residual_py_mean": -2.2585047480590217,
    "residual_pt_mean": 23.27637951987601,
    "residual_phi_mean": 0.007021693883120765,
    "residual_px_std": 40.24471235051926,
    "residual_py_std": 39.90620836946342,
    "residual_pt_std": 19.590336985715016,
    "residual_phi_std": 1.0287055488704817,
    "residual_px_std_ratio": 0.9308575622526133,
    "residual_py_std_ratio": 0.9225007887951653,
    "residual_pt_std_ratio": 0.6685653272384008,
    "residual_phi_std_ratio": 1.0429794147741895
}

🔥 Epoch 5
{
    "loss": 0.19866145029779134,
    "reduced_chi2_px": 52.552246179659285,
    "reduced_chi2_py": 235.69735676778205,
    "reduced_chi2_pt": 120.79389842852896,
    "reduced_chi2_phi": 156.21580586094208,
    "reduced_chi2_px_ratio": 19.00414455856306,
    "reduced_chi2_py_ratio": 73.95276874619577,
    "reduced_chi2_pt_ratio": 16.91513032330691,
    "reduced_chi2_phi_ratio": 112.63107249365248,
    "residual_px_mean": -0.592555027119296,
    "residual_py_mean": 15.58834009700089,
    "residual_pt_mean": 24.770520077141377,
    "residual_phi_mean": -9.783627438610283e-05,
    "residual_px_std": 39.82329113570547,
    "residual_py_std": 39.96890792304149,
    "residual_pt_std": 20.698682615444675,
    "residual_phi_std": 0.991345607721633,
    "residual_px_std_ratio": 0.9211101171401614,
    "residual_py_std_ratio": 0.923950197045064,
    "residual_pt_std_ratio": 0.7063901721695415,
    "residual_phi_std_ratio": 1.0051010835080574
}

🔥 Epoch 6
{
    "loss": 0.18497871471557134,
    "reduced_chi2_px": 171.73230210746868,
    "reduced_chi2_py": 190.80050728175482,
    "reduced_chi2_pt": 285.2048559617563,
    "reduced_chi2_phi": 65.64891261621301,
    "reduced_chi2_px_ratio": 62.102492888084534,
    "reduced_chi2_py_ratio": 59.8658635173681,
    "reduced_chi2_pt_ratio": 39.938087686502655,
    "reduced_chi2_phi_ratio": 47.33264598454348,
    "residual_px_mean": 8.933875147669145,
    "residual_py_mean": 2.5723405834756115,
    "residual_pt_mean": 21.63223949337939,
    "residual_phi_mean": -0.0013231191393163703,
    "residual_px_std": 39.27654860822719,
    "residual_py_std": 39.301801772370794,
    "residual_pt_std": 18.942844593827846,
    "residual_phi_std": 0.9614990349906384,
    "residual_px_std_ratio": 0.9084639982693007,
    "residual_py_std_ratio": 0.9085288885482452,
    "residual_pt_std_ratio": 0.6464681594774746,
    "residual_phi_std_ratio": 0.9748403728565321
}

🔥 Epoch 7
{
    "loss": 0.21000348691769033,
    "reduced_chi2_px": 381.5320107467877,
    "reduced_chi2_py": 151.4966112783912,
    "reduced_chi2_pt": 157.86854179435764,
    "reduced_chi2_phi": 323.6123199663534,
    "reduced_chi2_px_ratio": 137.97106713885083,
    "reduced_chi2_py_ratio": 47.53381206027433,
    "reduced_chi2_pt_ratio": 22.106803349690544,
    "reduced_chi2_phi_ratio": 233.32339816122627,
    "residual_px_mean": 21.9627645756275,
    "residual_py_mean": -6.8912943970903004,
    "residual_pt_mean": 24.37738505607613,
    "residual_phi_mean": 0.01052128188834307,
    "residual_px_std": 39.50646766275993,
    "residual_py_std": 39.23498106743816,
    "residual_pt_std": 20.042552665881214,
    "residual_phi_std": 1.032294137643862,
    "residual_px_std_ratio": 0.9137820109501644,
    "residual_py_std_ratio": 0.90698421278157,
    "residual_pt_std_ratio": 0.6839982278777879,
    "residual_phi_std_ratio": 1.0466177972275892
}

🔥 Epoch 8
{
    "loss": 0.18494720580666418,
    "reduced_chi2_px": 187.82692219793185,
    "reduced_chi2_py": 133.18168701934724,
    "reduced_chi2_pt": 223.16774195454454,
    "reduced_chi2_phi": 84.45672523766994,
    "reduced_chi2_px_ratio": 67.92269105370931,
    "reduced_chi2_py_ratio": 41.78729297789185,
    "reduced_chi2_pt_ratio": 31.250845350874897,
    "reduced_chi2_phi_ratio": 60.8930158532623,
    "residual_px_mean": 11.24015933100769,
    "residual_py_mean": -2.3161150251439704,
    "residual_pt_mean": 22.293735800064916,
    "residual_phi_mean": -0.0021958808251095405,
    "residual_px_std": 38.98326042633906,
    "residual_py_std": 39.05395108907479,
    "residual_pt_std": 19.57920829110245,
    "residual_phi_std": 0.9639988732194036,
    "residual_px_std_ratio": 0.9016802618208437,
    "residual_py_std_ratio": 0.902799392808456,
    "residual_pt_std_ratio": 0.6681855349274869,
    "residual_phi_std_ratio": 0.9773748977414523
}

🔥 Epoch 9
{
    "loss": 0.2328415449109433,
    "reduced_chi2_px": 521.9891702621245,
    "reduced_chi2_py": 208.64055933779215,
    "reduced_chi2_pt": 89.75850088744305,
    "reduced_chi2_phi": 539.1630546685268,
    "reduced_chi2_px_ratio": 188.7637231670868,
    "reduced_chi2_py_ratio": 65.46338595976049,
    "reduced_chi2_pt_ratio": 12.569150924738873,
    "reduced_chi2_phi_ratio": 388.73475549795904,
    "residual_px_mean": -27.581307023783754,
    "residual_py_mean": -14.50070819339556,
    "residual_pt_mean": 26.603716991119214,
    "residual_phi_mean": 0.0006413711320864181,
    "residual_px_std": 39.48355150895316,
    "residual_py_std": 38.969480526140785,
    "residual_pt_std": 21.238556249081146,
    "residual_phi_std": 1.0864198836044556,
    "residual_px_std_ratio": 0.9132519618127031,
    "residual_py_std_ratio": 0.9008467101527863,
    "residual_pt_std_ratio": 0.7248146021731062,
    "residual_phi_std_ratio": 1.101494568241589
}

🔥 Epoch 10
{
    "loss": 0.18804238815703112,
    "reduced_chi2_px": 249.19506808553908,
    "reduced_chi2_py": 147.49942954347472,
    "reduced_chi2_pt": 221.00582563599346,
    "reduced_chi2_phi": 150.27343610736673,
    "reduced_chi2_px_ratio": 90.11487503290677,
    "reduced_chi2_py_ratio": 46.27965011067709,
    "reduced_chi2_pt_ratio": 30.948105752665697,
    "reduced_chi2_phi_ratio": 108.3466438162188,
    "residual_px_mean": -14.557385565939134,
    "residual_py_mean": -4.397954071755926,
    "residual_pt_mean": 22.20973060636093,
    "residual_phi_mean": 0.0037348609507697507,
    "residual_px_std": 38.871313785465,
    "residual_py_std": 38.606944246485035,
    "residual_pt_std": 19.2862373280613,
    "residual_phi_std": 0.9814606721265478,
    "residual_px_std_ratio": 0.8990909433454427,
    "residual_py_std_ratio": 0.892466059181064,
    "residual_pt_std_ratio": 0.6581872266840003,
    "residual_phi_std_ratio": 0.9950789888927782
}


⭐ test phase
loading /home/condor/dir_234926/logs/run_230814-142507_wine-jacamar/checkpoint/checkpoint_epoch-00008_loss-0.184947.pt
reading /pnfs/knu.ac.kr/data/cms/store/user/jiwoong/deepmet/perfNano_TTbar_PU200.110X_set5.root
reading /pnfs/knu.ac.kr/data/cms/store/user/jiwoong/deepmet/perfNano_TTbar_PU200.110X_set6.root
len(test_set)=189702
{
    "loss": 0.1855280412757764,
    "reduced_chi2_px": 221.1796955871432,
    "reduced_chi2_py": 153.3188346199597,
    "reduced_chi2_pt": 262.4738445499594,
    "reduced_chi2_phi": 98.25984245885509,
    "reduced_chi2_px_ratio": 71.09258134949303,
    "reduced_chi2_py_ratio": 41.476953412405436,
    "reduced_chi2_pt_ratio": 32.0007774741572,
    "reduced_chi2_phi_ratio": 85.64306264911302,
    "residual_px_mean": 11.11151914229032,
    "residual_py_mean": -2.427006606023513,
    "residual_pt_mean": 22.449617405734305,
    "residual_phi_mean": -0.00287162057401856,
    "residual_px_std": 39.174657188496596,
    "residual_py_std": 39.14653024919592,
    "residual_pt_std": 19.840021683347704,
    "residual_phi_std": 0.9666331299478942,
    "residual_px_std_ratio": 0.9012719272853266,
    "residual_py_std_ratio": 0.9008881620737141,
    "residual_pt_std_ratio": 0.6745741389668202,
    "residual_phi_std_ratio": 0.9791336933294941
}
|===========================================================================|
|                  PyTorch CUDA memory summary, device ID 0                 |
|---------------------------------------------------------------------------|
|            CUDA OOMs: 0            |        cudaMalloc retries: 0         |
|===========================================================================|
|        Metric         | Cur Usage  | Peak Usage | Tot Alloc  | Tot Freed  |
|---------------------------------------------------------------------------|
| Allocated memory      |  65995 KiB | 260575 KiB |  22312 GiB |  22312 GiB |
|       from large pool |  65536 KiB | 258127 KiB |  21717 GiB |  21717 GiB |
|       from small pool |    459 KiB |   5411 KiB |    594 GiB |    594 GiB |
|---------------------------------------------------------------------------|
| Active memory         |  65995 KiB | 260575 KiB |  22312 GiB |  22312 GiB |
|       from large pool |  65536 KiB | 258127 KiB |  21717 GiB |  21717 GiB |
|       from small pool |    459 KiB |   5411 KiB |    594 GiB |    594 GiB |
|---------------------------------------------------------------------------|
| Requested memory      |  65939 KiB | 259823 KiB |  22063 GiB |  22063 GiB |
|       from large pool |  65536 KiB | 257423 KiB |  21469 GiB |  21469 GiB |
|       from small pool |    403 KiB |   5354 KiB |    593 GiB |    593 GiB |
|---------------------------------------------------------------------------|
| GPU reserved memory   | 360448 KiB | 360448 KiB | 360448 KiB |      0 B   |
|       from large pool | 352256 KiB | 352256 KiB | 352256 KiB |      0 B   |
|       from small pool |   8192 KiB |   8192 KiB |   8192 KiB |      0 B   |
|---------------------------------------------------------------------------|
| Non-releasable memory |   3636 KiB |  88354 KiB |  14994 GiB |  14994 GiB |
|       from large pool |      0 KiB |  86267 KiB |  14395 GiB |  14395 GiB |
|       from small pool |   3636 KiB |   4955 KiB |    598 GiB |    598 GiB |
|---------------------------------------------------------------------------|
| Allocations           |     185    |     224    |    7014 K  |    7013 K  |
|       from large pool |       2    |      37    |    2742 K  |    2742 K  |
|       from small pool |     183    |     222    |    4271 K  |    4271 K  |
|---------------------------------------------------------------------------|
| Active allocs         |     185    |     224    |    7014 K  |    7013 K  |
|       from large pool |       2    |      37    |    2742 K  |    2742 K  |
|       from small pool |     183    |     222    |    4271 K  |    4271 K  |
|---------------------------------------------------------------------------|
| GPU reserved segments |      17    |      17    |      17    |       0    |
|       from large pool |      13    |      13    |      13    |       0    |
|       from small pool |       4    |       4    |       4    |       0    |
|---------------------------------------------------------------------------|
| Non-releasable allocs |      10    |      25    |    2825 K  |    2825 K  |
|       from large pool |       0    |      12    |    1502 K  |    1502 K  |
|       from small pool |      10    |      18    |    1323 K  |    1323 K  |
|---------------------------------------------------------------------------|
| Oversize allocations  |       0    |       0    |       0    |       0    |
|---------------------------------------------------------------------------|
| Oversize GPU segments |       0    |       0    |       0    |       0    |
|===========================================================================|

🎨 saving histogram plots
🎉 Done!!!
#5 The END
total 5.2M
drwx------  7 jiwoong cms     279 Aug 14 15:52 .
drwxr-xr-x 26 condor  root   4.0K Aug 14 14:35 ..
-rwx------  1 jiwoong cms      48 Aug 14 14:25 .chirp.config
-rw-r--r--  1 condor  condor 5.7K Aug 14 14:25 .job.ad
-rw-r--r--  1 condor  condor 8.1K Aug 14 14:25 .machine.ad
-rw-r--r--  1 jiwoong cms    8.1K Aug 14 15:52 .update.ad
-rw-r--r--  1 jiwoong cms    5.0M Aug 14 15:54 _condor_stderr
-rw-r--r--  1 jiwoong cms     24K Aug 14 15:57 _condor_stdout
-rwxr-xr-x  1 jiwoong cms     438 Aug 14 14:25 condor_exec.exe
drwxr-xr-x  3 jiwoong cms      50 Aug 14 14:25 config
drwxr-xr-x  7 jiwoong cms     220 Aug 14 14:25 deepmeteor
-rw-r--r--  1 jiwoong cms    7.1K Aug 14 14:25 lextab.py
drwxr-xr-x  3 jiwoong cms      44 Aug 14 14:25 logs
-rw-r--r--  1 jiwoong cms     351 Aug 14 14:25 setup.sh
drwx------  2 jiwoong cms       6 Aug 14 14:25 tmp
-rwxr-xr-x  1 jiwoong cms    1.1K Aug 14 14:25 train.py
drwx------  3 jiwoong cms      17 Aug 14 14:25 var
-rw-r--r--  1 jiwoong cms    139K Aug 14 14:25 yacctab.py
